<?xml version="1.0" encoding="UTF-8"?>
<testsuite name="net.skhu.devdogs.service.PostServiceTest" tests="1" skipped="0" failures="0" errors="0" timestamp="2021-11-20T14:31:49" hostname="Mac.local" time="0.004">
  <properties/>
  <testcase name="write()" classname="net.skhu.devdogs.service.PostServiceTest" time="0.004"/>
  <system-out><![CDATA[2021-11-20 23:31:49.105  INFO 42002 --- [    Test worker] .b.t.c.SpringBootTestContextBootstrapper : Neither @ContextConfiguration nor @ContextHierarchy found for test class [net.skhu.devdogs.service.PostServiceTest], using SpringBootContextLoader
2021-11-20 23:31:49.106  INFO 42002 --- [    Test worker] o.s.t.c.support.AbstractContextLoader    : Could not detect default resource locations for test class [net.skhu.devdogs.service.PostServiceTest]: no resource found for suffixes {-context.xml, Context.groovy}.
2021-11-20 23:31:49.106  INFO 42002 --- [    Test worker] t.c.s.AnnotationConfigContextLoaderUtils : Could not detect default configuration classes for test class [net.skhu.devdogs.service.PostServiceTest]: PostServiceTest does not declare any static, non-private, non-final, nested classes annotated with @Configuration.
2021-11-20 23:31:49.110  INFO 42002 --- [    Test worker] .b.t.c.SpringBootTestContextBootstrapper : Found @SpringBootConfiguration net.skhu.devdogs.DevdogsApplication for test class net.skhu.devdogs.service.PostServiceTest
2021-11-20 23:31:49.111  INFO 42002 --- [    Test worker] .b.t.c.SpringBootTestContextBootstrapper : Loaded default TestExecutionListener class names from location [META-INF/spring.factories]: [org.springframework.boot.test.autoconfigure.restdocs.RestDocsTestExecutionListener, org.springframework.boot.test.autoconfigure.web.client.MockRestServiceServerResetTestExecutionListener, org.springframework.boot.test.autoconfigure.web.servlet.MockMvcPrintOnlyOnFailureTestExecutionListener, org.springframework.boot.test.autoconfigure.web.servlet.WebDriverTestExecutionListener, org.springframework.boot.test.autoconfigure.webservices.client.MockWebServiceServerTestExecutionListener, org.springframework.boot.test.mock.mockito.MockitoTestExecutionListener, org.springframework.boot.test.mock.mockito.ResetMocksTestExecutionListener, org.springframework.test.context.web.ServletTestExecutionListener, org.springframework.test.context.support.DirtiesContextBeforeModesTestExecutionListener, org.springframework.test.context.event.ApplicationEventsTestExecutionListener, org.springframework.test.context.support.DependencyInjectionTestExecutionListener, org.springframework.test.context.support.DirtiesContextTestExecutionListener, org.springframework.test.context.transaction.TransactionalTestExecutionListener, org.springframework.test.context.jdbc.SqlScriptsTestExecutionListener, org.springframework.test.context.event.EventPublishingTestExecutionListener]
2021-11-20 23:31:49.111  INFO 42002 --- [    Test worker] .b.t.c.SpringBootTestContextBootstrapper : Using TestExecutionListeners: [org.springframework.test.context.web.ServletTestExecutionListener@d7b0724, org.springframework.test.context.support.DirtiesContextBeforeModesTestExecutionListener@6bd86fac, org.springframework.test.context.event.ApplicationEventsTestExecutionListener@46da4e99, org.springframework.boot.test.mock.mockito.MockitoTestExecutionListener@58d46033, org.springframework.boot.test.autoconfigure.SpringBootDependencyInjectionTestExecutionListener@dc31e2a, org.springframework.test.context.support.DirtiesContextTestExecutionListener@254ea531, org.springframework.test.context.transaction.TransactionalTestExecutionListener@31f49987, org.springframework.test.context.jdbc.SqlScriptsTestExecutionListener@4a5aa272, org.springframework.test.context.event.EventPublishingTestExecutionListener@5ffdc75d, org.springframework.boot.test.autoconfigure.restdocs.RestDocsTestExecutionListener@f4a86be, org.springframework.boot.test.autoconfigure.web.client.MockRestServiceServerResetTestExecutionListener@1a670e71, org.springframework.boot.test.autoconfigure.web.servlet.MockMvcPrintOnlyOnFailureTestExecutionListener@531667d, org.springframework.boot.test.autoconfigure.web.servlet.WebDriverTestExecutionListener@34479ea9, org.springframework.boot.test.autoconfigure.webservices.client.MockWebServiceServerTestExecutionListener@6fe391e9, org.springframework.boot.test.mock.mockito.ResetMocksTestExecutionListener@4d551ee2]
2021-11-20 23:31:49.114  INFO 42002 --- [    Test worker] o.s.t.c.transaction.TransactionContext   : Began transaction (1) for test context [DefaultTestContext@4be3f7af testClass = PostServiceTest, testInstance = net.skhu.devdogs.service.PostServiceTest@387c4be3, testMethod = write@PostServiceTest, testException = [null], mergedContextConfiguration = [WebMergedContextConfiguration@5d3bf000 testClass = PostServiceTest, locations = '{}', classes = '{class net.skhu.devdogs.DevdogsApplication}', contextInitializerClasses = '[]', activeProfiles = '{}', propertySourceLocations = '{}', propertySourceProperties = '{org.springframework.boot.test.context.SpringBootTestContextBootstrapper=true}', contextCustomizers = set[org.springframework.boot.test.autoconfigure.actuate.metrics.MetricsExportContextCustomizerFactory$DisableMetricExportContextCustomizer@1ae58c56, org.springframework.boot.test.autoconfigure.properties.PropertyMappingContextCustomizer@0, org.springframework.boot.test.autoconfigure.web.servlet.WebDriverContextCustomizerFactory$Customizer@3e0ed74e, org.springframework.boot.test.context.filter.ExcludeFilterContextCustomizer@35d3e65a, org.springframework.boot.test.json.DuplicateJsonObjectContextCustomizerFactory$DuplicateJsonObjectContextCustomizer@48db2025, org.springframework.boot.test.mock.mockito.MockitoContextCustomizer@0, org.springframework.boot.test.web.client.TestRestTemplateContextCustomizer@73bfc721, org.springframework.boot.test.context.SpringBootTestArgs@1, org.springframework.boot.test.context.SpringBootTestWebEnvironment@3536c581], resourceBasePath = 'src/main/webapp', contextLoader = 'org.springframework.boot.test.context.SpringBootContextLoader', parent = [null]], attributes = map['org.springframework.test.context.web.ServletTestExecutionListener.activateListener' -> true, 'org.springframework.test.context.web.ServletTestExecutionListener.populatedRequestContextHolder' -> true, 'org.springframework.test.context.web.ServletTestExecutionListener.resetRequestContextHolder' -> true, 'org.springframework.test.context.event.ApplicationEventsTestExecutionListener.recordApplicationEvents' -> false]]; transaction manager [org.springframework.orm.jpa.JpaTransactionManager@65129f3c]; rollback [false]
2021-11-20 23:31:49.117  INFO 42002 --- [    Test worker] o.s.t.c.transaction.TransactionContext   : Committed transaction for test: [DefaultTestContext@4be3f7af testClass = PostServiceTest, testInstance = net.skhu.devdogs.service.PostServiceTest@387c4be3, testMethod = write@PostServiceTest, testException = [null], mergedContextConfiguration = [WebMergedContextConfiguration@5d3bf000 testClass = PostServiceTest, locations = '{}', classes = '{class net.skhu.devdogs.DevdogsApplication}', contextInitializerClasses = '[]', activeProfiles = '{}', propertySourceLocations = '{}', propertySourceProperties = '{org.springframework.boot.test.context.SpringBootTestContextBootstrapper=true}', contextCustomizers = set[org.springframework.boot.test.autoconfigure.actuate.metrics.MetricsExportContextCustomizerFactory$DisableMetricExportContextCustomizer@1ae58c56, org.springframework.boot.test.autoconfigure.properties.PropertyMappingContextCustomizer@0, org.springframework.boot.test.autoconfigure.web.servlet.WebDriverContextCustomizerFactory$Customizer@3e0ed74e, org.springframework.boot.test.context.filter.ExcludeFilterContextCustomizer@35d3e65a, org.springframework.boot.test.json.DuplicateJsonObjectContextCustomizerFactory$DuplicateJsonObjectContextCustomizer@48db2025, org.springframework.boot.test.mock.mockito.MockitoContextCustomizer@0, org.springframework.boot.test.web.client.TestRestTemplateContextCustomizer@73bfc721, org.springframework.boot.test.context.SpringBootTestArgs@1, org.springframework.boot.test.context.SpringBootTestWebEnvironment@3536c581], resourceBasePath = 'src/main/webapp', contextLoader = 'org.springframework.boot.test.context.SpringBootContextLoader', parent = [null]], attributes = map['org.springframework.test.context.web.ServletTestExecutionListener.activateListener' -> true, 'org.springframework.test.context.web.ServletTestExecutionListener.populatedRequestContextHolder' -> true, 'org.springframework.test.context.web.ServletTestExecutionListener.resetRequestContextHolder' -> true, 'org.springframework.test.context.event.ApplicationEventsTestExecutionListener.recordApplicationEvents' -> false]]
]]></system-out>
  <system-err><![CDATA[]]></system-err>
</testsuite>
