<?xml version="1.0" encoding="UTF-8"?>
<testsuite name="net.skhu.devdogs.DevdogsApplicationTests" tests="1" skipped="0" failures="0" errors="0" timestamp="2021-11-20T14:31:49" hostname="Mac.local" time="0.002">
  <properties/>
  <testcase name="contextLoads()" classname="net.skhu.devdogs.DevdogsApplicationTests" time="0.002"/>
  <system-out><![CDATA[2021-11-20 23:31:49.118  INFO 42002 --- [    Test worker] .b.t.c.SpringBootTestContextBootstrapper : Neither @ContextConfiguration nor @ContextHierarchy found for test class [net.skhu.devdogs.DevdogsApplicationTests], using SpringBootContextLoader
2021-11-20 23:31:49.118  INFO 42002 --- [    Test worker] o.s.t.c.support.AbstractContextLoader    : Could not detect default resource locations for test class [net.skhu.devdogs.DevdogsApplicationTests]: no resource found for suffixes {-context.xml, Context.groovy}.
2021-11-20 23:31:49.118  INFO 42002 --- [    Test worker] t.c.s.AnnotationConfigContextLoaderUtils : Could not detect default configuration classes for test class [net.skhu.devdogs.DevdogsApplicationTests]: DevdogsApplicationTests does not declare any static, non-private, non-final, nested classes annotated with @Configuration.
2021-11-20 23:31:49.120  INFO 42002 --- [    Test worker] .b.t.c.SpringBootTestContextBootstrapper : Found @SpringBootConfiguration net.skhu.devdogs.DevdogsApplication for test class net.skhu.devdogs.DevdogsApplicationTests
2021-11-20 23:31:49.121  INFO 42002 --- [    Test worker] .b.t.c.SpringBootTestContextBootstrapper : Loaded default TestExecutionListener class names from location [META-INF/spring.factories]: [org.springframework.boot.test.autoconfigure.restdocs.RestDocsTestExecutionListener, org.springframework.boot.test.autoconfigure.web.client.MockRestServiceServerResetTestExecutionListener, org.springframework.boot.test.autoconfigure.web.servlet.MockMvcPrintOnlyOnFailureTestExecutionListener, org.springframework.boot.test.autoconfigure.web.servlet.WebDriverTestExecutionListener, org.springframework.boot.test.autoconfigure.webservices.client.MockWebServiceServerTestExecutionListener, org.springframework.boot.test.mock.mockito.MockitoTestExecutionListener, org.springframework.boot.test.mock.mockito.ResetMocksTestExecutionListener, org.springframework.test.context.web.ServletTestExecutionListener, org.springframework.test.context.support.DirtiesContextBeforeModesTestExecutionListener, org.springframework.test.context.event.ApplicationEventsTestExecutionListener, org.springframework.test.context.support.DependencyInjectionTestExecutionListener, org.springframework.test.context.support.DirtiesContextTestExecutionListener, org.springframework.test.context.transaction.TransactionalTestExecutionListener, org.springframework.test.context.jdbc.SqlScriptsTestExecutionListener, org.springframework.test.context.event.EventPublishingTestExecutionListener]
2021-11-20 23:31:49.121  INFO 42002 --- [    Test worker] .b.t.c.SpringBootTestContextBootstrapper : Using TestExecutionListeners: [org.springframework.test.context.web.ServletTestExecutionListener@52303c5f, org.springframework.test.context.support.DirtiesContextBeforeModesTestExecutionListener@63af739, org.springframework.test.context.event.ApplicationEventsTestExecutionListener@5c43974e, org.springframework.boot.test.mock.mockito.MockitoTestExecutionListener@5e7ac736, org.springframework.boot.test.autoconfigure.SpringBootDependencyInjectionTestExecutionListener@dfbda62, org.springframework.test.context.support.DirtiesContextTestExecutionListener@5c2967db, org.springframework.test.context.transaction.TransactionalTestExecutionListener@1c1072f7, org.springframework.test.context.jdbc.SqlScriptsTestExecutionListener@14db5534, org.springframework.test.context.event.EventPublishingTestExecutionListener@4720b507, org.springframework.boot.test.autoconfigure.restdocs.RestDocsTestExecutionListener@50200587, org.springframework.boot.test.autoconfigure.web.client.MockRestServiceServerResetTestExecutionListener@4fb852be, org.springframework.boot.test.autoconfigure.web.servlet.MockMvcPrintOnlyOnFailureTestExecutionListener@104cc88, org.springframework.boot.test.autoconfigure.web.servlet.WebDriverTestExecutionListener@434ec922, org.springframework.boot.test.autoconfigure.webservices.client.MockWebServiceServerTestExecutionListener@1392e0f1, org.springframework.boot.test.mock.mockito.ResetMocksTestExecutionListener@1eb26d9f]
]]></system-out>
  <system-err><![CDATA[]]></system-err>
</testsuite>
